<?xml version="1.0" encoding="UTF-8"?>
<!-- Generated by org.testng.reporters.JUnitXMLReporter -->
<testsuite hostname="LAPTOP-9T5F1S0J" failures="0" tests="4" name="Test" time="0.037" errors="0" timestamp="30 Sep 2021 18:53:14 GMT">
  <testcase classname="hakyMaven.project1.pages.IELoadTest" name="loadIEDriver" time="0.009"/>
  <testcase classname="hakyMaven.project1.pages.IELoadTest" name="loginIETest" time="0.001"/>
  <testcase classname="hakyMaven.project1.pages.ChromeLoadTest" name="loadChromeDriver" time="0.002"/>
  <testcase classname="hakyMaven.project1.pages.ChromeLoadTest" name="loginChromeTest" time="0.005"/>
</testsuite> <!-- Test -->
